TN:
SF:dist/messages.js
FN:102,getRandomMessage
FNF:1
FNH:1
FNDA:53,getRandomMessage
DA:1,108
DA:102,108
DA:103,53
DA:104,49
DA:106,4
DA:107,4
DA:108,53
LF:7
LH:7
BRDA:103,0,0,49
BRDA:103,0,1,4
BRDA:110,1,0,2
BRDA:110,1,1,2
BRDA:111,2,0,2
BRDA:111,2,1,2
BRDA:112,3,0,2
BRDA:112,3,1,2
BRF:8
BRH:8
end_of_record
TN:
SF:dist/options.js
FN:5,(anonymous_0)
FN:17,(anonymous_1)
FN:20,(anonymous_2)
FN:34,(anonymous_3)
FN:63,(anonymous_4)
FN:73,setSmartPlaceholders
FN:78,loadRules
FN:82,addRule
FN:110,deleteRule
FN:115,toggleRule
FN:117,(anonymous_10)
FN:124,renderRulesList
FNF:12
FNH:12
FNDA:30,(anonymous_0)
FNDA:3,(anonymous_1)
FNDA:103,(anonymous_2)
FNDA:27,(anonymous_3)
FNDA:1,(anonymous_4)
FNDA:30,setSmartPlaceholders
FNDA:50,loadRules
FNDA:22,addRule
FNDA:2,deleteRule
FNDA:4,toggleRule
FNDA:3,(anonymous_10)
FNDA:55,renderRulesList
DA:1,30
DA:2,30
DA:3,30
DA:4,30
DA:5,30
DA:6,30
DA:7,30
DA:8,30
DA:9,30
DA:11,30
DA:12,30
DA:13,30
DA:14,30
DA:15,30
DA:17,30
DA:18,3
DA:20,30
DA:21,103
DA:22,103
DA:23,103
DA:24,28
DA:27,75
DA:30,30
DA:31,30
DA:33,30
DA:34,30
DA:35,27
DA:36,27
DA:37,27
DA:38,2
DA:39,2
DA:41,25
DA:42,0
DA:43,0
DA:46,27
DA:47,1
DA:49,25
DA:50,2
DA:51,2
DA:53,27
DA:54,0
DA:55,0
DA:57,23
DA:58,1
DA:59,1
DA:61,22
DA:63,30
DA:64,1
DA:65,1
DA:68,30
DA:69,30
DA:71,30
DA:72,30
DA:73,30
DA:74,30
DA:75,30
DA:76,30
DA:78,50
DA:79,50
DA:80,50
DA:82,22
DA:83,22
DA:87,22
DA:94,20
DA:95,20
DA:96,20
DA:97,20
DA:98,20
DA:101,2
DA:102,2
DA:103,2
DA:106,0
DA:110,2
DA:111,2
DA:112,2
DA:113,2
DA:115,4
DA:116,4
DA:117,4
DA:118,4
DA:119,3
DA:120,3
DA:121,3
DA:124,55
DA:125,55
DA:128,30
DA:129,0
DA:132,30
LF:88
LH:82
BRDA:8,0,0,30
BRDA:8,0,1,0
BRDA:23,1,0,28
BRDA:23,1,1,75
BRDA:23,2,0,103
BRDA:23,2,1,53
BRDA:37,3,0,2
BRDA:37,3,1,25
BRDA:37,4,0,27
BRDA:37,4,1,2
BRDA:41,5,0,0
BRDA:41,5,1,25
BRDA:46,6,0,1
BRDA:46,6,1,26
BRDA:46,7,0,25
BRDA:46,7,1,25
BRDA:49,8,0,2
BRDA:49,8,1,23
BRDA:53,9,0,0
BRDA:53,9,1,27
BRDA:53,10,0,23
BRDA:53,10,1,22
BRDA:57,11,0,1
BRDA:57,11,1,22
BRDA:64,12,0,1
BRDA:64,12,1,0
BRDA:102,13,0,2
BRDA:102,13,1,0
BRDA:118,14,0,3
BRDA:118,14,1,1
BRDA:128,15,0,0
BRDA:128,15,1,30
BRF:32
BRH:26
end_of_record
TN:
SF:dist/popup.js
FN:5,(anonymous_0)
FN:12,(anonymous_1)
FN:15,(anonymous_2)
FN:29,(anonymous_3)
FN:54,(anonymous_4)
FN:64,setSmartPlaceholders
FN:69,loadRules
FN:73,addRule
FN:98,deleteRule
FN:103,renderRulesList
FN:106,togglePauseRule
FN:108,(anonymous_11)
FNF:12
FNH:12
FNDA:22,(anonymous_0)
FNDA:1,(anonymous_1)
FNDA:68,(anonymous_2)
FNDA:18,(anonymous_3)
FNDA:2,(anonymous_4)
FNDA:22,setSmartPlaceholders
FNDA:34,loadRules
FNDA:13,addRule
FNDA:1,deleteRule
FNDA:38,renderRulesList
FNDA:3,togglePauseRule
FNDA:3,(anonymous_11)
DA:1,22
DA:2,22
DA:3,22
DA:4,22
DA:5,22
DA:6,22
DA:7,22
DA:8,22
DA:9,22
DA:10,22
DA:12,22
DA:13,1
DA:15,22
DA:16,68
DA:17,68
DA:18,68
DA:19,17
DA:22,51
DA:25,22
DA:26,22
DA:28,22
DA:29,22
DA:30,18
DA:31,18
DA:32,18
DA:33,1
DA:34,1
DA:37,18
DA:38,0
DA:40,17
DA:41,2
DA:42,2
DA:44,18
DA:45,1
DA:46,1
DA:48,14
DA:49,1
DA:50,1
DA:52,13
DA:54,22
DA:55,2
DA:56,2
DA:59,22
DA:60,22
DA:62,22
DA:63,22
DA:64,22
DA:65,22
DA:66,22
DA:67,22
DA:69,34
DA:70,34
DA:71,34
DA:73,13
DA:74,13
DA:75,13
DA:82,12
DA:83,12
DA:84,12
DA:85,12
DA:86,12
DA:89,1
DA:90,1
DA:91,1
DA:94,0
DA:98,1
DA:99,1
DA:100,1
DA:101,1
DA:103,38
DA:104,38
DA:106,3
DA:107,3
DA:108,3
DA:109,3
DA:110,3
DA:111,3
DA:112,3
DA:116,22
DA:117,0
DA:120,22
LF:81
LH:78
BRDA:18,0,0,17
BRDA:18,0,1,51
BRDA:18,1,0,68
BRDA:18,1,1,34
BRDA:32,2,0,1
BRDA:32,2,1,17
BRDA:37,3,0,0
BRDA:37,3,1,18
BRDA:37,4,0,17
BRDA:37,4,1,17
BRDA:40,5,0,2
BRDA:40,5,1,15
BRDA:44,6,0,1
BRDA:44,6,1,17
BRDA:44,7,0,15
BRDA:44,7,1,15
BRDA:48,8,0,1
BRDA:48,8,1,13
BRDA:55,9,0,2
BRDA:55,9,1,0
BRDA:90,10,0,1
BRDA:90,10,1,0
BRDA:109,11,0,3
BRDA:109,11,1,0
BRDA:116,12,0,0
BRDA:116,12,1,22
BRF:26
BRH:21
end_of_record
TN:
SF:dist/storage.js
FN:2,(anonymous_0)
FN:3,(anonymous_1)
FN:4,(anonymous_2)
FN:9,(anonymous_3)
FN:10,(anonymous_4)
FN:11,(anonymous_5)
FN:16,(anonymous_6)
FN:18,(anonymous_7)
FN:24,(anonymous_8)
FN:26,(anonymous_9)
FN:32,(anonymous_10)
FN:34,(anonymous_11)
FN:38,(anonymous_12)
FN:40,(anonymous_13)
FNF:14
FNH:10
FNDA:131,(anonymous_0)
FNDA:131,(anonymous_1)
FNDA:131,(anonymous_2)
FNDA:41,(anonymous_3)
FNDA:41,(anonymous_4)
FNDA:41,(anonymous_5)
FNDA:35,(anonymous_6)
FNDA:8,(anonymous_7)
FNDA:0,(anonymous_8)
FNDA:0,(anonymous_9)
FNDA:3,(anonymous_10)
FNDA:2,(anonymous_11)
FNDA:0,(anonymous_12)
FNDA:0,(anonymous_13)
DA:1,108
DA:3,131
DA:4,131
DA:5,131
DA:10,41
DA:11,41
DA:12,41
DA:17,35
DA:18,35
DA:19,3
DA:21,32
DA:22,32
DA:25,0
DA:26,0
DA:27,0
DA:28,0
DA:29,0
DA:33,3
DA:34,3
DA:35,3
DA:36,3
DA:39,0
DA:40,0
DA:41,0
DA:42,0
DA:43,0
DA:44,0
DA:46,0
LF:28
LH:16
BRDA:5,0,0,131
BRDA:5,0,1,72
BRDA:18,1,0,3
BRDA:18,1,1,32
BRDA:27,2,0,0
BRDA:27,2,1,0
BRDA:38,3,0,0
BRDA:41,4,0,0
BRDA:41,4,1,0
BRDA:42,5,0,0
BRDA:42,5,1,0
BRDA:43,6,0,0
BRDA:43,6,1,0
BRF:13
BRH:4
end_of_record
TN:
SF:dist/suggestions.js
FN:155,(anonymous_0)
FN:155,(anonymous_1)
FN:157,getThematicPair
FN:163,(anonymous_3)
FN:172,getRandomProductiveUrl
FNF:5
FNH:4
FNDA:5508,(anonymous_0)
FNDA:216648,(anonymous_1)
FNDA:54,getThematicPair
FNDA:5508,(anonymous_3)
FNDA:0,getRandomProductiveUrl
DA:2,108
DA:15,108
DA:38,108
DA:155,108
DA:157,108
DA:159,54
DA:161,54
DA:163,54
DA:165,54
DA:166,54
DA:167,54
DA:172,108
DA:173,0
DA:174,0
LF:14
LH:12
BRDA:165,0,0,54
BRDA:165,0,1,0
BRF:2
BRH:1
end_of_record
TN:
SF:dist/ui-logic.js
FN:5,getFaviconUrl
FN:18,shouldShowFavicon
FN:24,formatPauseButtonText
FN:43,formatRemainingTime
FN:56,isRulePaused
FN:62,shouldDisplayAsPaused
FN:68,getTargetDisplayText
FN:74,getCountMessage
FN:83,sortRulesBySource
FN:84,(anonymous_9)
FN:89,extractPlaceholderValue
FN:98,getNextRuleState
FNF:12
FNH:12
FNDA:101,getFaviconUrl
FNDA:51,shouldShowFavicon
FNDA:51,formatPauseButtonText
FNDA:1,formatRemainingTime
FNDA:153,isRulePaused
FNDA:102,shouldDisplayAsPaused
FNDA:51,getTargetDisplayText
FNDA:51,getCountMessage
FNDA:93,sortRulesBySource
FNDA:6,(anonymous_9)
FNDA:1,extractPlaceholderValue
FNDA:6,getNextRuleState
DA:1,52
DA:5,101
DA:6,101
DA:7,101
DA:9,101
DA:12,0
DA:18,52
DA:19,51
DA:24,52
DA:25,51
DA:26,51
DA:27,51
DA:28,6
DA:29,6
DA:30,5
DA:33,1
DA:37,45
DA:43,52
DA:44,1
DA:45,1
DA:46,1
DA:47,1
DA:50,0
DA:56,153
DA:57,153
DA:62,102
DA:63,102
DA:68,52
DA:69,51
DA:74,52
DA:75,51
DA:76,0
DA:78,51
DA:83,93
DA:84,93
DA:89,52
DA:90,1
DA:91,1
DA:93,0
DA:98,52
DA:99,6
DA:100,6
DA:102,2
DA:107,4
DA:109,0
DA:116,4
LF:46
LH:41
BRDA:7,0,0,2
BRDA:7,0,1,99
BRDA:26,1,0,51
BRDA:26,1,1,6
BRDA:27,2,0,6
BRDA:27,2,1,45
BRDA:28,3,0,6
BRDA:28,3,1,0
BRDA:29,4,0,5
BRDA:29,4,1,1
BRDA:37,5,0,45
BRDA:37,5,1,0
BRDA:46,6,0,1
BRDA:46,6,1,0
BRDA:57,7,0,153
BRDA:57,7,1,18
BRDA:63,8,0,102
BRDA:63,8,1,102
BRDA:69,9,0,1
BRDA:69,9,1,50
BRDA:75,10,0,0
BRDA:75,10,1,51
BRDA:78,11,0,51
BRDA:78,11,1,49
BRDA:90,12,0,1
BRDA:90,12,1,0
BRDA:100,13,0,2
BRDA:100,13,1,4
BRDA:100,14,0,6
BRDA:100,14,1,2
BRDA:107,15,0,0
BRDA:107,15,1,4
BRF:32
BRH:26
end_of_record
TN:
SF:dist/ui.js
FN:2,showFlashMessage
FN:14,(anonymous_1)
FN:17,(anonymous_2)
FN:19,(anonymous_3)
FN:24,renderRules
FN:37,(anonymous_5)
FN:43,(anonymous_6)
FN:93,(anonymous_7)
FN:97,(anonymous_8)
FN:105,updatePauseButtons
FN:108,(anonymous_10)
FN:128,toggleRuleState
FN:132,setupPlaceholderButtons
FN:134,(anonymous_13)
FN:135,(anonymous_14)
FN:150,(anonymous_15)
FN:155,(anonymous_16)
FNF:17
FNH:13
FNDA:48,showFlashMessage
FNDA:34,(anonymous_1)
FNDA:0,(anonymous_2)
FNDA:0,(anonymous_3)
FNDA:93,renderRules
FNDA:51,(anonymous_5)
FNDA:10,(anonymous_6)
FNDA:7,(anonymous_7)
FNDA:3,(anonymous_8)
FNDA:4,updatePauseButtons
FNDA:1,(anonymous_10)
FNDA:6,toggleRuleState
FNDA:52,setupPlaceholderButtons
FNDA:104,(anonymous_13)
FNDA:1,(anonymous_14)
FNDA:0,(anonymous_15)
FNDA:0,(anonymous_16)
DA:1,52
DA:2,52
DA:3,48
DA:4,48
DA:5,39
DA:6,39
DA:7,39
DA:9,48
DA:10,48
DA:11,48
DA:12,48
DA:14,48
DA:15,34
DA:17,48
DA:18,0
DA:19,0
DA:20,0
DA:24,93
DA:25,93
DA:27,93
DA:28,93
DA:29,47
DA:30,47
DA:31,47
DA:32,47
DA:33,47
DA:34,47
DA:35,47
DA:37,46
DA:38,51
DA:39,51
DA:40,51
DA:41,51
DA:43,51
DA:44,10
DA:45,10
DA:46,10
DA:48,0
DA:50,51
DA:51,51
DA:52,51
DA:53,51
DA:54,51
DA:55,51
DA:56,51
DA:57,51
DA:58,51
DA:59,51
DA:60,51
DA:61,51
DA:62,51
DA:63,51
DA:64,51
DA:65,51
DA:66,51
DA:67,51
DA:68,51
DA:69,51
DA:70,50
DA:71,50
DA:72,50
DA:73,50
DA:75,51
DA:76,51
DA:77,51
DA:78,51
DA:79,51
DA:80,51
DA:81,51
DA:82,51
DA:83,51
DA:84,51
DA:85,51
DA:86,51
DA:87,51
DA:88,6
DA:91,45
DA:93,51
DA:94,51
DA:95,51
DA:96,51
DA:97,51
DA:98,51
DA:99,51
DA:100,51
DA:101,51
DA:102,51
DA:105,52
DA:106,4
DA:107,4
DA:108,4
DA:109,1
DA:110,1
DA:111,1
DA:112,1
DA:113,1
DA:114,1
DA:117,0
DA:118,0
DA:119,0
DA:120,0
DA:121,0
DA:122,0
DA:128,52
DA:129,6
DA:130,6
DA:132,52
DA:133,52
DA:134,52
DA:135,104
DA:136,1
DA:137,1
DA:138,1
DA:139,0
DA:140,1
DA:141,1
DA:142,0
DA:143,1
DA:144,1
DA:145,1
DA:147,1
DA:148,1
DA:149,1
DA:150,1
DA:151,0
DA:153,1
DA:154,1
DA:155,1
DA:156,0
DA:163,52
LF:130
LH:116
BRDA:2,0,0,48
BRDA:2,1,0,48
BRDA:4,2,0,39
BRDA:4,2,1,9
BRDA:28,3,0,47
BRDA:28,3,1,46
BRDA:40,4,0,6
BRDA:40,4,1,45
BRDA:45,5,0,10
BRDA:45,5,1,0
BRDA:69,6,0,50
BRDA:69,6,1,1
BRDA:84,7,0,6
BRDA:84,7,1,45
BRDA:87,8,0,6
BRDA:87,8,1,45
BRDA:111,9,0,1
BRDA:111,9,1,0
BRDA:113,10,0,1
BRDA:113,10,1,0
BRDA:121,11,0,0
BRDA:121,11,1,0
BRDA:138,12,0,0
BRDA:138,12,1,1
BRDA:141,13,0,0
BRDA:141,13,1,1
BRDA:144,14,0,1
BRDA:144,14,1,0
BRDA:144,15,0,1
BRDA:144,15,1,1
BRF:30
BRH:22
end_of_record
TN:
SF:dist/utils.js
FN:8,matchAndGetTarget
FN:40,shouldRuleApply
FN:52,isValidUrl
FN:73,generateRuleId
FNF:4
FNH:1
FNDA:0,matchAndGetTarget
FNDA:0,shouldRuleApply
FNDA:79,isValidUrl
FNDA:0,generateRuleId
DA:1,108
DA:8,108
DA:11,0
DA:12,0
DA:13,0
DA:14,0
DA:15,0
DA:16,0
DA:17,0
DA:18,0
DA:19,0
DA:20,0
DA:22,0
DA:23,0
DA:27,0
DA:28,0
DA:29,0
DA:31,0
DA:33,0
DA:40,108
DA:41,0
DA:42,0
DA:43,0
DA:44,0
DA:45,0
DA:52,108
DA:53,79
DA:56,79
DA:57,79
DA:58,74
DA:60,5
DA:61,5
DA:64,5
DA:73,108
DA:74,0
DA:75,0
DA:76,0
DA:77,0
DA:78,0
DA:79,0
DA:80,0
DA:82,0
LF:42
LH:12
BRDA:17,0,0,0
BRDA:17,0,1,0
BRDA:19,1,0,0
BRDA:19,1,1,0
BRDA:22,2,0,0
BRDA:22,2,1,0
BRDA:28,3,0,0
BRDA:28,3,1,0
BRDA:41,4,0,0
BRDA:41,4,1,0
BRDA:43,5,0,0
BRDA:43,5,1,0
BRDA:43,6,0,0
BRDA:43,6,1,0
BRDA:57,7,0,74
BRDA:57,7,1,5
BRDA:75,8,0,0
BRDA:75,8,1,0
BRF:18
BRH:2
end_of_record
